<?xml version="1.0" encoding="UTF-8"?>
<!-- Generated by org.testng.reporters.JUnitXMLReporter -->
<testsuite ignored="0" hostname="DESKTOP-Q9R4LGA" failures="0" tests="5" name="Default test" time="7.17" errors="0" timestamp="2023-09-25T11:43:03 WIB">
  <testcase classname="api.test.CommentTest" name="CMT001" time="1.018"/>
  <testcase classname="api.test.CommentTest" name="CMT002" time="0.63"/>
  <testcase classname="api.test.CommentTest" name="CMT003" time="0.625"/>
  <testcase classname="api.test.CommentTest" name="CMT005" time="0.624"/>
  <testcase classname="api.test.CommentTest" name="CMT004" time="0.937"/>
</testsuite> <!-- Default test -->
