<?xml version="1.0" encoding="UTF-8"?>
<!-- Generated by org.testng.reporters.JUnitXMLReporter -->
<testsuite ignored="0" hostname="DESKTOP-Q9R4LGA" failures="0" tests="10" name="Default test" time="10.642" errors="0" timestamp="2023-10-18T23:13:52 WIB">
  <testcase classname="api.test.CommentTest" name="CMT001" time="1.059"/>
  <testcase classname="api.test.CommentTest" name="CMT002" time="0.639"/>
  <testcase classname="api.test.CommentTest" name="CMT003" time="0.652"/>
  <testcase classname="api.test.CommentTest" name="CMT005" time="0.634"/>
  <testcase classname="api.test.CommentTest" name="CMT101" time="0.621"/>
  <testcase classname="api.test.CommentTest" name="CMT102" time="0.616"/>
  <testcase classname="api.test.CommentTest" name="CMT103" time="0.565"/>
  <testcase classname="api.test.CommentTest" name="CMT104" time="0.641"/>
  <testcase classname="api.test.CommentTest" name="CMT105" time="0.559"/>
  <testcase classname="api.test.CommentTest" name="CMT004" time="0.945"/>
</testsuite> <!-- Default test -->
