<?xml version="1.0" encoding="UTF-8"?>
<!-- Generated by org.testng.reporters.JUnitXMLReporter -->
<testsuite ignored="0" hostname="DESKTOP-Q9R4LGA" failures="0" tests="6" name="goRest.co.in" time="5.777" errors="0" timestamp="2023-07-17T13:24:03 WIB">
  <testcase classname="api.test.UserTest" name="USR001" time="3.267"/>
  <testcase classname="api.test.UserTest" name="USR002" time="0.382"/>
  <testcase classname="api.test.UserTest" name="USR003" time="0.374"/>
  <testcase classname="api.test.UserTest" name="USR005" time="0.351"/>
  <testcase classname="api.test.UserTest" name="USR006" time="0.325"/>
  <testcase classname="api.test.UserTest" name="USR004" time="0.308"/>
</testsuite> <!-- goRest.co.in -->
