<?xml version="1.0" encoding="UTF-8"?>
<!-- Generated by org.testng.reporters.JUnitXMLReporter -->
<testsuite ignored="0" hostname="DESKTOP-Q9R4LGA" failures="0" tests="19" name="goRest.co.in" time="21.162" errors="0" timestamp="2023-09-25T14:08:45 WIB">
  <testcase classname="api.test.UserTest" name="USR001" time="4.751"/>
  <testcase classname="api.test.UserTest" name="USR002" time="0.686"/>
  <testcase classname="api.test.UserTest" name="USR003" time="0.708"/>
  <testcase classname="api.test.UserTest" name="USR003" time="0.69"/>
  <testcase classname="api.test.UserTest" name="USR005" time="0.608"/>
  <testcase classname="api.test.UserTest" name="USR006" time="0.751"/>
  <testcase classname="api.test.UserTest" name="USR007" time="0.595"/>
  <testcase classname="api.test.UserTest" name="USR004" time="0.403"/>
  <testcase classname="api.test.PostTest" name="PST001" time="0.789"/>
  <testcase classname="api.test.PostTest" name="PST002" time="0.617"/>
  <testcase classname="api.test.PostTest" name="PST003" time="0.616"/>
  <testcase classname="api.test.PostTest" name="PST004" time="0.548"/>
  <testcase classname="api.test.PostTest" name="PST005" time="0.634"/>
  <testcase classname="api.test.PostTest" name="PST006" time="0.621"/>
  <testcase classname="api.test.CommentTest" name="CMT001" time="0.704"/>
  <testcase classname="api.test.CommentTest" name="CMT002" time="0.602"/>
  <testcase classname="api.test.CommentTest" name="CMT003" time="0.786"/>
  <testcase classname="api.test.CommentTest" name="CMT005" time="0.466"/>
  <testcase classname="api.test.CommentTest" name="CMT004" time="0.914"/>
</testsuite> <!-- goRest.co.in -->
