<?xml version="1.0" encoding="UTF-8"?>
<!-- Generated by org.testng.reporters.JUnitXMLReporter -->
<testsuite ignored="0" hostname="DESKTOP-Q9R4LGA" failures="0" tests="6" name="PetTest" time="15.754" errors="0" timestamp="2023-07-10T02:08:53 WIB">
  <testcase classname="api.test.DataDriven" name="testPostUser" time="4.139"/>
  <testcase classname="api.test.DataDriven" name="testPostUser" time="1.552"/>
  <testcase classname="api.test.DataDriven" name="testDeleteUser" time="1.543"/>
  <testcase classname="api.test.DataDriven" name="testDeleteUser" time="1.579"/>
  <testcase classname="api.test.UserTest" name="USR001" time="2.376"/>
  <testcase classname="api.test.UserTest" name="USR002" time="1.439"/>
</testsuite> <!-- PetTest -->
