<?xml version="1.0" encoding="UTF-8"?>
<!-- Generated by org.testng.reporters.JUnitXMLReporter -->
<testsuite ignored="0" hostname="DESKTOP-Q9R4LGA" failures="0" tests="8" name="test suite" time="11.62" errors="0" timestamp="2023-09-25T14:05:27 WIB">
  <testcase classname="api.test.UserTest" name="USR001" time="4.246"/>
  <testcase classname="api.test.UserTest" name="USR002" time="0.651"/>
  <testcase classname="api.test.UserTest" name="USR003" time="0.516"/>
  <testcase classname="api.test.UserTest" name="USR003" time="0.681"/>
  <testcase classname="api.test.UserTest" name="USR005" time="0.688"/>
  <testcase classname="api.test.UserTest" name="USR006" time="0.599"/>
  <testcase classname="api.test.UserTest" name="USR007" time="0.379"/>
  <testcase classname="api.test.UserTest" name="USR004" time="0.586"/>
</testsuite> <!-- test suite -->
