<?xml version="1.0" encoding="UTF-8"?>
<testng-results ignored="0" total="2" passed="2" failed="0" skipped="0">
  <reporter-output>
  </reporter-output>
  <suite started-at="2023-09-17T02:36:40 WIB" name="Default suite" finished-at="2023-09-17T02:36:45 WIB" duration-ms="5746">
    <groups>
    </groups>
    <test started-at="2023-09-17T02:36:40 WIB" name="Default test" finished-at="2023-09-17T02:36:45 WIB" duration-ms="5746">
      <class name="api.test.DataDriven">
        <test-method signature="testPostUser(java.lang.String,java.lang.String,java.lang.String,java.lang.String)[pri:1, instance:api.test.DataDriven@8f4ea7c]" started-at="2023-09-17T02:36:42 WIB" name="testPostUser" data-provider="data" finished-at="2023-09-17T02:36:45 WIB" duration-ms="3063" status="PASS">
          <params>
            <param index="0">
              <value>
                <![CDATA[Ryu]]>
              </value>
            </param>
            <param index="1">
              <value>
                <![CDATA[ryu.muhammad_1@gomail.co.id]]>
              </value>
            </param>
            <param index="2">
              <value>
                <![CDATA[male]]>
              </value>
            </param>
            <param index="3">
              <value>
                <![CDATA[active]]>
              </value>
            </param>
          </params>
          <reporter-output>
          </reporter-output>
        </test-method> <!-- testPostUser -->
        <test-method signature="testPostUser(java.lang.String,java.lang.String,java.lang.String,java.lang.String)[pri:1, instance:api.test.DataDriven@8f4ea7c]" started-at="2023-09-17T02:36:45 WIB" name="testPostUser" data-provider="data" finished-at="2023-09-17T02:36:45 WIB" duration-ms="570" status="PASS">
          <params>
            <param index="0">
              <value>
                <![CDATA[Ayumi]]>
              </value>
            </param>
            <param index="1">
              <value>
                <![CDATA[ayumi.kareema_1@gomail.co.id]]>
              </value>
            </param>
            <param index="2">
              <value>
                <![CDATA[female]]>
              </value>
            </param>
            <param index="3">
              <value>
                <![CDATA[inactive]]>
              </value>
            </param>
          </params>
          <reporter-output>
          </reporter-output>
        </test-method> <!-- testPostUser -->
      </class> <!-- api.test.DataDriven -->
    </test> <!-- Default test -->
  </suite> <!-- Default suite -->
</testng-results>
