<?xml version="1.0" encoding="UTF-8"?>
<testng-results ignored="0" total="10" passed="10" failed="0" skipped="0">
  <reporter-output>
  </reporter-output>
  <suite started-at="2023-10-18T23:13:42 WIB" name="Default suite" finished-at="2023-10-18T23:13:52 WIB" duration-ms="10642">
    <groups>
    </groups>
    <test started-at="2023-10-18T23:13:42 WIB" name="Default test" finished-at="2023-10-18T23:13:52 WIB" duration-ms="10642">
      <class name="api.test.CommentTest">
        <test-method is-config="true" signature="setup()[pri:0, instance:api.test.CommentTest@313ac989]" started-at="2023-10-18T23:13:42 WIB" name="setup" finished-at="2023-10-18T23:13:45 WIB" duration-ms="3635" status="PASS">
          <reporter-output>
          </reporter-output>
        </test-method> <!-- setup -->
        <test-method signature="CMT001()[pri:1, instance:api.test.CommentTest@313ac989]" started-at="2023-10-18T23:13:45 WIB" name="CMT001" description="POST new comment" finished-at="2023-10-18T23:13:46 WIB" duration-ms="1059" status="PASS">
          <reporter-output>
          </reporter-output>
        </test-method> <!-- CMT001 -->
        <test-method signature="CMT002()[pri:2, instance:api.test.CommentTest@313ac989]" started-at="2023-10-18T23:13:46 WIB" name="CMT002" description="GET new comment by id" finished-at="2023-10-18T23:13:47 WIB" duration-ms="639" status="PASS">
          <reporter-output>
          </reporter-output>
        </test-method> <!-- CMT002 -->
        <test-method signature="CMT003()[pri:3, instance:api.test.CommentTest@313ac989]" started-at="2023-10-18T23:13:47 WIB" name="CMT003" description="PUT new comment and change the name, email and body" finished-at="2023-10-18T23:13:48 WIB" duration-ms="652" status="PASS">
          <reporter-output>
          </reporter-output>
        </test-method> <!-- CMT003 -->
        <test-method signature="CMT005()[pri:4, instance:api.test.CommentTest@313ac989]" started-at="2023-10-18T23:13:48 WIB" name="CMT005" description="Search comment by id" finished-at="2023-10-18T23:13:48 WIB" duration-ms="634" status="PASS">
          <reporter-output>
          </reporter-output>
        </test-method> <!-- CMT005 -->
        <test-method signature="CMT101()[pri:5, instance:api.test.CommentTest@313ac989]" started-at="2023-10-18T23:13:48 WIB" name="CMT101" description="Negative post comment with empty name" finished-at="2023-10-18T23:13:49 WIB" duration-ms="621" status="PASS">
          <reporter-output>
          </reporter-output>
        </test-method> <!-- CMT101 -->
        <test-method signature="CMT102()[pri:6, instance:api.test.CommentTest@313ac989]" started-at="2023-10-18T23:13:49 WIB" name="CMT102" description="Negative post comment with empty email" finished-at="2023-10-18T23:13:50 WIB" duration-ms="616" status="PASS">
          <reporter-output>
          </reporter-output>
        </test-method> <!-- CMT102 -->
        <test-method signature="CMT103()[pri:7, instance:api.test.CommentTest@313ac989]" started-at="2023-10-18T23:13:50 WIB" name="CMT103" description="Negative post comment with invalid email" finished-at="2023-10-18T23:13:50 WIB" duration-ms="565" status="PASS">
          <reporter-output>
          </reporter-output>
        </test-method> <!-- CMT103 -->
        <test-method signature="CMT104()[pri:8, instance:api.test.CommentTest@313ac989]" started-at="2023-10-18T23:13:50 WIB" name="CMT104" description="Negative post comment with empty body" finished-at="2023-10-18T23:13:51 WIB" duration-ms="641" status="PASS">
          <reporter-output>
          </reporter-output>
        </test-method> <!-- CMT104 -->
        <test-method signature="CMT105()[pri:9, instance:api.test.CommentTest@313ac989]" started-at="2023-10-18T23:13:51 WIB" name="CMT105" description="Negative post comment with post id not found" finished-at="2023-10-18T23:13:51 WIB" duration-ms="559" status="PASS">
          <reporter-output>
          </reporter-output>
        </test-method> <!-- CMT105 -->
        <test-method signature="CMT004()[pri:100, instance:api.test.CommentTest@313ac989]" started-at="2023-10-18T23:13:51 WIB" name="CMT004" description="DELETE the session comment" finished-at="2023-10-18T23:13:52 WIB" duration-ms="945" status="PASS">
          <reporter-output>
          </reporter-output>
        </test-method> <!-- CMT004 -->
      </class> <!-- api.test.CommentTest -->
    </test> <!-- Default test -->
  </suite> <!-- Default suite -->
</testng-results>
